<?xml version="1.0" encoding="UTF-8"?>
<!-- Generated by org.testng.reporters.JUnitReportReporter -->
<testsuite skipped="0" hostname="Djafars-MBP.home" name="regressionTest.iFrameDemoTest" tests="1" failures="0" timestamp="2020-09-03T00:12:42 EDT" time="2.770" errors="0">
  <testcase name="iFramesTest" time="2.770" classname="regressionTest.iFrameDemoTest"/>
  <system-out>
iFrameDemoTest: i Frames Test  </system-out>
</testsuite> <!-- regressionTest.iFrameDemoTest -->
