<?xml version="1.0" encoding="UTF-8"?>
<!-- Generated by org.testng.reporters.JUnitReportReporter -->
<testsuite skipped="0" hostname="Djafars-MBP.home" name="homeTest.HomeClassTest" tests="2" failures="0" timestamp="2020-09-03T00:12:42 EDT" time="14.227" errors="0">
  <testcase name="setLoginSignValidationTest" time="7.602" classname="homeTest.HomeClassTest"/>
  <system-out>
HomeClassTest: set Login Sign Validation Test HomeClassTest: set Login Sign Test  </system-out>
  <testcase name="setLoginSignTest" time="6.625" classname="homeTest.HomeClassTest"/>
  <system-out>
HomeClassTest: set Login Sign Test  </system-out>
</testsuite> <!-- homeTest.HomeClassTest -->
